<?xml version="1.0" encoding="UTF-8"?>
<testsuite xmlns:xsi="http://www.w3.org/2001/XMLSchema-instance" xsi:noNamespaceSchemaLocation="https://maven.apache.org/surefire/maven-surefire-plugin/xsd/surefire-test-report-3.0.xsd" version="3.0" name="passoff.server.StandardAPITests" time="0.714" tests="21" errors="0" skipped="0" failures="0">
  <properties>
[...]
</properties>
  <testcase name="staticFiles" classname="passoff.server.StandardAPITests" time="0.183">
    <system-out><![CDATA[Started test HTTP server on 54398
]]></system-out>
    <system-err><![CDATA[[main] INFO spark.staticfiles.StaticFilesConfiguration - StaticResourceHandler configured with folder = /web
[Thread-1] INFO org.eclipse.jetty.util.log - Logging initialized @623ms to org.eclipse.jetty.util.log.Slf4jLog
[Thread-1] INFO spark.embeddedserver.jetty.EmbeddedJettyServer - == Spark has ignited ...
[Thread-1] INFO spark.embeddedserver.jetty.EmbeddedJettyServer - >> Listening on 0.0.0.0:54398
[Thread-1] INFO org.eclipse.jetty.server.Server - jetty-9.4.31.v20200723; built: 2020-07-23T17:57:36.812Z; git: 450ba27947e13e66baa8cd1ce7e85a4461cacc1d; jvm 21.0.2
[Thread-1] INFO org.eclipse.jetty.server.session - DefaultSessionIdManager workerName=node0
[Thread-1] INFO org.eclipse.jetty.server.session - No SessionScavenger set, using defaults
[Thread-1] INFO org.eclipse.jetty.server.session - node0 Scavenging every 600000ms
[Thread-1] INFO org.eclipse.jetty.server.AbstractConnector - Started ServerConnector@1e63337c{HTTP/1.1, (http/1.1)}{0.0.0.0:54398}
[Thread-1] INFO org.eclipse.jetty.server.Server - Started @784ms
]]></system-err>
  </testcase>
  <testcase name="successLogin" classname="passoff.server.StandardAPITests" time="0.01"/>
  <testcase name="loginWrongPassword" classname="passoff.server.StandardAPITests" time="0.012"/>
  <testcase name="loginInvalidUser" classname="passoff.server.StandardAPITests" time="0.007"/>
  <testcase name="successRegister" classname="passoff.server.StandardAPITests" time="0.007"/>
  <testcase name="registerTwice" classname="passoff.server.StandardAPITests" time="0.008"/>
  <testcase name="failRegister" classname="passoff.server.StandardAPITests" time="0.006"/>
  <testcase name="successLogout" classname="passoff.server.StandardAPITests" time="0.006"/>
  <testcase name="failLogout" classname="passoff.server.StandardAPITests" time="0.007"/>
  <testcase name="goodCreate" classname="passoff.server.StandardAPITests" time="0.011"/>
  <testcase name="badAuthCreate" classname="passoff.server.StandardAPITests" time="0.008"/>
  <testcase name="goodJoin" classname="passoff.server.StandardAPITests" time="0.031"/>
  <testcase name="badColorJoin" classname="passoff.server.StandardAPITests" time="0.007"/>
  <testcase name="badAuthJoin" classname="passoff.server.StandardAPITests" time="0.008"/>
  <testcase name="badGameIDJoin" classname="passoff.server.StandardAPITests" time="0.007"/>
  <testcase name="stealColorJoin" classname="passoff.server.StandardAPITests" time="0.01"/>
  <testcase name="noGamesList" classname="passoff.server.StandardAPITests" time="0.004"/>
  <testcase name="gamesList" classname="passoff.server.StandardAPITests" time="0.028"/>
  <testcase name="uniqueAuthorizationTokens" classname="passoff.server.StandardAPITests" time="0.013"/>
  <testcase name="clearData" classname="passoff.server.StandardAPITests" time="0.019"/>
  <testcase name="multipleClear" classname="passoff.server.StandardAPITests" time="0.008"/>
</testsuite>